<?xml version="1.0" encoding="UTF-8"?>
<!-- Generated by org.testng.reporters.JUnitXMLReporter -->
<testsuite ignored="2" hostname="Arifuls-MBP.lan" failures="0" tests="1" name="Default test" time="16.372" errors="0" timestamp="2022-12-30T02:23:49 EST">
  <testcase classname="testPages.HomePageTest" name="clickSignInTest" time="9.157"/>
  <testcase classname="testPages.HomePageTest" name="clickSearchButtonTest" time="0.0">
    <ignored/>
  </testcase> <!-- clickSearchButtonTest -->
  <testcase classname="testPages.HomePageTest" name="clickCartTest" time="0.0">
    <ignored/>
  </testcase> <!-- clickCartTest -->
</testsuite> <!-- Default test -->
