<?xml version="1.0" encoding="UTF-8"?>
<testng-results ignored="0" total="2" passed="2" failed="0" skipped="0">
  <reporter-output>
  </reporter-output>
  <suite started-at="2022-12-24T19:51:18 EST" name="Default suite" finished-at="2022-12-24T19:51:54 EST" duration-ms="36286">
    <groups>
    </groups>
    <test started-at="2022-12-24T19:51:18 EST" name="Default test" finished-at="2022-12-24T19:51:54 EST" duration-ms="36286">
      <class name="testPages.HomePageTest">
        <test-method is-config="true" signature="setUp()[pri:0, instance:testPages.HomePageTest@5d534f5d]" started-at="2022-12-24T19:51:18 EST" name="setUp" finished-at="2022-12-24T19:51:28 EST" duration-ms="9346" status="PASS">
          <reporter-output>
          </reporter-output>
        </test-method> <!-- setUp -->
        <test-method signature="clickCartTest()[pri:0, instance:testPages.HomePageTest@5d534f5d]" started-at="2022-12-24T19:51:28 EST" name="clickCartTest" finished-at="2022-12-24T19:51:36 EST" duration-ms="8308" status="PASS">
          <reporter-output>
          </reporter-output>
        </test-method> <!-- clickCartTest -->
        <test-method is-config="true" signature="tear()[pri:0, instance:testPages.HomePageTest@5d534f5d]" started-at="2022-12-24T19:51:36 EST" name="tear" finished-at="2022-12-24T19:51:36 EST" duration-ms="112" status="PASS">
          <reporter-output>
          </reporter-output>
        </test-method> <!-- tear -->
        <test-method is-config="true" signature="setUp()[pri:0, instance:testPages.HomePageTest@5d534f5d]" started-at="2022-12-24T19:51:36 EST" name="setUp" finished-at="2022-12-24T19:51:43 EST" duration-ms="6741" status="PASS">
          <reporter-output>
          </reporter-output>
        </test-method> <!-- setUp -->
        <test-method signature="clickSearchButtonTest()[pri:0, instance:testPages.HomePageTest@5d534f5d]" started-at="2022-12-24T19:51:43 EST" name="clickSearchButtonTest" finished-at="2022-12-24T19:51:54 EST" duration-ms="11638" status="PASS">
          <reporter-output>
          </reporter-output>
        </test-method> <!-- clickSearchButtonTest -->
        <test-method is-config="true" signature="tear()[pri:0, instance:testPages.HomePageTest@5d534f5d]" started-at="2022-12-24T19:51:54 EST" name="tear" finished-at="2022-12-24T19:51:54 EST" duration-ms="113" status="PASS">
          <reporter-output>
          </reporter-output>
        </test-method> <!-- tear -->
      </class> <!-- testPages.HomePageTest -->
    </test> <!-- Default test -->
  </suite> <!-- Default suite -->
</testng-results>
