<?xml version="1.0" encoding="UTF-8"?>
<testng-results ignored="2" total="3" passed="1" failed="0" skipped="0">
  <reporter-output>
  </reporter-output>
  <suite started-at="2022-12-30T02:23:33 EST" name="Default suite" finished-at="2022-12-30T02:23:49 EST" duration-ms="16372">
    <groups>
    </groups>
    <test started-at="2022-12-30T02:23:33 EST" name="Default test" finished-at="2022-12-30T02:23:49 EST" duration-ms="16372">
      <class name="testPages.HomePageTest">
        <test-method is-config="true" signature="setUp()[pri:0, instance:testPages.HomePageTest@2e3967ea]" started-at="2022-12-30T02:23:33 EST" name="setUp" finished-at="2022-12-30T02:23:40 EST" duration-ms="7066" status="PASS">
          <reporter-output>
          </reporter-output>
        </test-method> <!-- setUp -->
        <test-method signature="clickSignInTest()[pri:3, instance:testPages.HomePageTest@2e3967ea]" started-at="2022-12-30T02:23:40 EST" name="clickSignInTest" finished-at="2022-12-30T02:23:49 EST" duration-ms="9157" status="PASS">
          <reporter-output>
          </reporter-output>
        </test-method> <!-- clickSignInTest -->
        <test-method is-config="true" signature="tear()[pri:0, instance:testPages.HomePageTest@2e3967ea]" started-at="2022-12-30T02:23:49 EST" name="tear" finished-at="2022-12-30T02:23:49 EST" duration-ms="127" status="PASS">
          <reporter-output>
          </reporter-output>
        </test-method> <!-- tear -->
      </class> <!-- testPages.HomePageTest -->
    </test> <!-- Default test -->
  </suite> <!-- Default suite -->
</testng-results>
